<?xml version="1.0" encoding="UTF-8" ?>
<testsuite tests="11" failures="0" name="it.vinicioflamini.sharedlib.couchdb.test.ektorp.EktorpCrudRepositoryTest" time="4.739" errors="0" skipped="0">
  <properties>
[...]
</properties>
  <testcase classname="it.vinicioflamini.sharedlib.couchdb.test.ektorp.EktorpCrudRepositoryTest" name="testSaveIterableErrorOnBulkOperation" time="0.4"/>
  <testcase classname="it.vinicioflamini.sharedlib.couchdb.test.ektorp.EktorpCrudRepositoryTest" name="testSaveIterableAndFindIterableAndDeleteIterable" time="0.337"/>
  <testcase classname="it.vinicioflamini.sharedlib.couchdb.test.ektorp.EktorpCrudRepositoryTest" name="testCompleteResult" time="0.279"/>
  <testcase classname="it.vinicioflamini.sharedlib.couchdb.test.ektorp.EktorpCrudRepositoryTest" name="testSetReturnValueToId" time="0.279"/>
  <testcase classname="it.vinicioflamini.sharedlib.couchdb.test.ektorp.EktorpCrudRepositoryTest" name="testSaveAndFindOneAndDeletebyEntityAndExists" time="0.36"/>
  <testcase classname="it.vinicioflamini.sharedlib.couchdb.test.ektorp.EktorpCrudRepositoryTest" name="testSaveNewDocumentVsUpdatedDocument" time="0.185"/>
  <testcase classname="it.vinicioflamini.sharedlib.couchdb.test.ektorp.EktorpCrudRepositoryTest" name="testDeleteById" time="0.277"/>
  <testcase classname="it.vinicioflamini.sharedlib.couchdb.test.ektorp.EktorpCrudRepositoryTest" name="testSetReduce" time="0.25"/>
  <testcase classname="it.vinicioflamini.sharedlib.couchdb.test.ektorp.EktorpCrudRepositoryTest" name="testSaveWithAttachAndFindOneAndDeleteAttachmentAndExists" time="1.823"/>
  <testcase classname="it.vinicioflamini.sharedlib.couchdb.test.ektorp.EktorpCrudRepositoryTest" name="testSetKey" time="0.284"/>
  <testcase classname="it.vinicioflamini.sharedlib.couchdb.test.ektorp.EktorpCrudRepositoryTest" name="testSetReturnValueToKey" time="0.265"/>
</testsuite>